2022/08/26 12:55:14 INFO : Got POST request for adding multiple sites to check list
2022/08/26 12:55:14 INFO : Updated status for site : localhost:9090/undefinedEndpoint -> DOWN
2022/08/26 12:55:14 INFO : Updated status for site : localhost:9090/ -> UP
2022/08/26 12:55:14 INFO : Updated status for site : google.com -> UP
2022/08/26 12:55:15 INFO : Updated status for site : twitter.com -> UP
2022/08/26 12:55:19 INFO : Updated status for site : localhost:9090/ -> UP
2022/08/26 12:55:19 INFO : Updated status for site : localhost:9090/undefinedEndpoint -> DOWN
2022/08/26 12:55:20 INFO : Updated status for site : google.com -> UP
2022/08/26 12:55:20 INFO : Updated status for site : twitter.com -> UP
2022/08/26 12:55:29 INFO : Updated status for site : localhost:9090/undefinedEndpoint -> DOWN
2022/08/26 12:55:29 INFO : Updated status for site : localhost:9090/ -> UP
2022/08/26 12:55:30 INFO : Updated status for site : google.com -> UP
2022/08/26 12:55:30 INFO : Updated status for site : twitter.com -> UP
2022/08/26 12:55:39 INFO : Updated status for site : localhost:9090/ -> UP
2022/08/26 12:55:39 INFO : Updated status for site : localhost:9090/undefinedEndpoint -> DOWN
2022/08/26 12:55:40 INFO : Updated status for site : google.com -> UP
2022/08/26 12:55:40 INFO : Updated status for site : twitter.com -> UP
2022/08/26 12:55:49 INFO : Updated status for site : localhost:9090/ -> UP
2022/08/26 12:55:49 INFO : Updated status for site : localhost:9090/undefinedEndpoint -> DOWN
2022/08/26 12:55:50 INFO : Updated status for site : google.com -> UP
2022/08/26 12:55:50 INFO : Updated status for site : twitter.com -> UP
2022/08/26 12:55:59 INFO : Updated status for site : localhost:9090/ -> UP
2022/08/26 12:55:59 INFO : Updated status for site : localhost:9090/undefinedEndpoint -> DOWN
2022/08/26 12:56:00 INFO : Updated status for site : google.com -> UP
2022/08/26 12:56:00 INFO : Updated status for site : twitter.com -> UP
2022/08/26 12:56:09 INFO : Updated status for site : localhost:9090/undefinedEndpoint -> DOWN
2022/08/26 12:56:09 INFO : Updated status for site : localhost:9090/ -> UP
2022/08/26 12:56:10 INFO : Updated status for site : google.com -> UP
2022/08/26 12:56:10 INFO : Updated status for site : twitter.com -> UP
2022/08/26 12:56:19 INFO : Updated status for site : localhost:9090/undefinedEndpoint -> DOWN
2022/08/26 12:56:19 INFO : Updated status for site : localhost:9090/ -> UP
2022/08/26 12:56:20 INFO : Updated status for site : google.com -> UP
2022/08/26 12:56:20 INFO : Updated status for site : twitter.com -> UP
2022/08/26 12:56:29 INFO : Updated status for site : localhost:9090/undefinedEndpoint -> DOWN
2022/08/26 12:56:29 INFO : Updated status for site : localhost:9090/ -> UP
2022/08/26 12:56:30 INFO : Updated status for site : google.com -> UP
2022/08/26 12:56:30 INFO : Updated status for site : twitter.com -> UP
2022/08/26 12:56:39 INFO : Updated status for site : localhost:9090/undefinedEndpoint -> DOWN
2022/08/26 12:56:39 INFO : Updated status for site : localhost:9090/ -> UP
2022/08/26 12:56:40 INFO : Updated status for site : google.com -> UP
2022/08/26 12:56:40 INFO : Updated status for site : twitter.com -> UP
2022/08/26 12:56:49 INFO : Updated status for site : localhost:9090/undefinedEndpoint -> DOWN
2022/08/26 12:56:49 INFO : Updated status for site : localhost:9090/ -> UP
2022/08/26 12:56:50 INFO : Updated status for site : google.com -> UP
2022/08/26 12:56:50 INFO : Updated status for site : twitter.com -> UP
2022/08/26 12:56:59 INFO : Updated status for site : localhost:9090/undefinedEndpoint -> DOWN
2022/08/26 12:56:59 INFO : Updated status for site : localhost:9090/ -> UP
2022/08/26 12:57:00 INFO : Updated status for site : google.com -> UP
2022/08/26 12:57:00 INFO : Updated status for site : twitter.com -> UP
2022/08/26 12:57:09 INFO : Updated status for site : localhost:9090/ -> UP
2022/08/26 12:57:09 INFO : Updated status for site : localhost:9090/undefinedEndpoint -> DOWN
2022/08/26 12:57:10 INFO : Updated status for site : google.com -> UP
2022/08/26 12:57:10 INFO : Updated status for site : twitter.com -> UP
2022/08/26 12:57:19 INFO : Updated status for site : localhost:9090/undefinedEndpoint -> DOWN
2022/08/26 12:57:19 INFO : Updated status for site : localhost:9090/ -> UP
2022/08/26 12:57:20 INFO : Updated status for site : google.com -> UP
2022/08/26 12:57:20 INFO : Updated status for site : twitter.com -> UP
2022/08/26 12:57:29 INFO : Updated status for site : localhost:9090/ -> UP
2022/08/26 12:57:29 INFO : Updated status for site : localhost:9090/undefinedEndpoint -> DOWN
2022/08/26 12:57:30 INFO : Updated status for site : google.com -> UP
2022/08/26 12:57:30 INFO : Updated status for site : twitter.com -> UP
2022/08/26 12:57:39 INFO : Updated status for site : localhost:9090/undefinedEndpoint -> DOWN
2022/08/26 12:57:39 INFO : Updated status for site : localhost:9090/ -> UP
2022/08/26 12:57:40 INFO : Updated status for site : google.com -> UP
2022/08/26 12:57:40 INFO : Updated status for site : twitter.com -> UP
2022/08/26 12:57:49 INFO : Updated status for site : localhost:9090/undefinedEndpoint -> DOWN
2022/08/26 12:57:49 INFO : Updated status for site : localhost:9090/ -> UP
2022/08/26 12:57:50 INFO : Updated status for site : google.com -> UP
2022/08/26 12:57:50 INFO : Updated status for site : twitter.com -> UP
2022/08/26 12:57:59 INFO : Updated status for site : localhost:9090/ -> UP
2022/08/26 12:57:59 INFO : Updated status for site : localhost:9090/undefinedEndpoint -> DOWN
2022/08/26 12:58:00 INFO : Updated status for site : google.com -> UP
2022/08/26 12:58:00 INFO : Updated status for site : twitter.com -> UP
2022/08/26 12:58:09 INFO : Updated status for site : localhost:9090/undefinedEndpoint -> DOWN
2022/08/26 12:58:09 INFO : Updated status for site : localhost:9090/ -> UP
2022/08/26 12:58:10 INFO : Updated status for site : google.com -> UP
2022/08/26 12:58:10 INFO : Updated status for site : twitter.com -> UP
2022/08/26 12:58:19 INFO : Updated status for site : localhost:9090/undefinedEndpoint -> DOWN
2022/08/26 12:58:19 INFO : Updated status for site : localhost:9090/ -> UP
2022/08/26 12:58:20 INFO : Updated status for site : google.com -> UP
2022/08/26 12:58:20 INFO : Updated status for site : twitter.com -> UP
2022/08/26 12:58:29 INFO : Updated status for site : localhost:9090/ -> UP
2022/08/26 12:58:29 INFO : Updated status for site : localhost:9090/undefinedEndpoint -> DOWN
2022/08/26 12:58:30 INFO : Updated status for site : google.com -> UP
2022/08/26 12:58:30 INFO : Updated status for site : twitter.com -> UP
2022/08/26 12:58:39 INFO : Updated status for site : localhost:9090/ -> UP
2022/08/26 12:58:39 INFO : Updated status for site : localhost:9090/undefinedEndpoint -> DOWN
2022/08/26 12:58:40 INFO : Updated status for site : google.com -> UP
2022/08/26 12:58:40 INFO : Updated status for site : twitter.com -> UP
2022/08/26 12:58:49 INFO : Updated status for site : localhost:9090/undefinedEndpoint -> DOWN
2022/08/26 12:58:49 INFO : Updated status for site : localhost:9090/ -> UP
2022/08/26 12:58:50 INFO : Updated status for site : google.com -> UP
2022/08/26 12:58:50 INFO : Updated status for site : twitter.com -> UP
2022/08/26 12:58:59 INFO : Updated status for site : localhost:9090/undefinedEndpoint -> DOWN
2022/08/26 12:58:59 INFO : Updated status for site : localhost:9090/ -> UP
2022/08/26 12:59:00 INFO : Updated status for site : google.com -> UP
2022/08/26 12:59:00 INFO : Updated status for site : twitter.com -> UP
2022/08/26 12:59:09 INFO : Updated status for site : localhost:9090/undefinedEndpoint -> DOWN
2022/08/26 12:59:09 INFO : Updated status for site : localhost:9090/ -> UP
2022/08/26 12:59:10 INFO : Updated status for site : google.com -> UP
2022/08/26 12:59:10 INFO : Updated status for site : twitter.com -> UP
2022/08/26 12:59:19 INFO : Updated status for site : localhost:9090/undefinedEndpoint -> DOWN
2022/08/26 12:59:19 INFO : Updated status for site : localhost:9090/ -> UP
2022/08/26 12:59:20 INFO : Updated status for site : google.com -> UP
2022/08/26 12:59:20 INFO : Updated status for site : twitter.com -> UP
2022/08/26 12:59:29 INFO : Updated status for site : localhost:9090/undefinedEndpoint -> DOWN
2022/08/26 12:59:29 INFO : Updated status for site : localhost:9090/ -> UP
2022/08/26 12:59:30 INFO : Updated status for site : google.com -> UP
2022/08/26 12:59:30 INFO : Updated status for site : twitter.com -> UP
2022/08/26 12:59:39 INFO : Updated status for site : localhost:9090/ -> UP
2022/08/26 12:59:39 INFO : Updated status for site : localhost:9090/undefinedEndpoint -> DOWN
2022/08/26 12:59:40 INFO : Updated status for site : google.com -> UP
2022/08/26 12:59:40 INFO : Updated status for site : twitter.com -> UP
2022/08/26 12:59:49 INFO : Updated status for site : localhost:9090/undefinedEndpoint -> DOWN
2022/08/26 12:59:49 INFO : Updated status for site : localhost:9090/ -> UP
2022/08/26 12:59:50 INFO : Updated status for site : google.com -> UP
2022/08/26 12:59:50 INFO : Updated status for site : twitter.com -> UP
2022/08/26 12:59:59 INFO : Updated status for site : localhost:9090/undefinedEndpoint -> DOWN
2022/08/26 12:59:59 INFO : Updated status for site : localhost:9090/ -> UP
2022/08/26 13:00:00 INFO : Updated status for site : google.com -> UP
2022/08/26 13:00:00 INFO : Updated status for site : twitter.com -> UP
2022/08/26 13:00:09 INFO : Updated status for site : localhost:9090/undefinedEndpoint -> DOWN
2022/08/26 13:00:09 INFO : Updated status for site : localhost:9090/ -> UP
2022/08/26 13:00:10 INFO : Updated status for site : google.com -> UP
2022/08/26 13:00:10 INFO : Updated status for site : twitter.com -> UP
2022/08/26 13:00:19 INFO : Updated status for site : localhost:9090/undefinedEndpoint -> DOWN
2022/08/26 13:00:19 INFO : Updated status for site : localhost:9090/ -> UP
2022/08/26 13:00:20 INFO : Updated status for site : google.com -> UP
2022/08/26 13:00:20 INFO : Updated status for site : twitter.com -> UP
2022/08/26 13:00:29 INFO : Updated status for site : localhost:9090/undefinedEndpoint -> DOWN
2022/08/26 13:00:29 INFO : Updated status for site : localhost:9090/ -> UP
2022/08/26 13:00:30 INFO : Updated status for site : google.com -> UP
2022/08/26 13:00:30 INFO : Updated status for site : twitter.com -> UP
2022/08/26 13:00:39 INFO : Updated status for site : localhost:9090/undefinedEndpoint -> DOWN
2022/08/26 13:00:39 INFO : Updated status for site : localhost:9090/ -> UP
2022/08/26 13:00:40 INFO : Updated status for site : google.com -> UP
2022/08/26 13:00:40 INFO : Updated status for site : twitter.com -> UP
2022/08/26 13:00:49 INFO : Updated status for site : localhost:9090/undefinedEndpoint -> DOWN
2022/08/26 13:00:49 INFO : Updated status for site : localhost:9090/ -> UP
2022/08/26 13:00:50 INFO : Updated status for site : google.com -> UP
2022/08/26 13:00:50 INFO : Updated status for site : twitter.com -> UP
2022/08/26 13:00:59 INFO : Updated status for site : localhost:9090/ -> UP
2022/08/26 13:00:59 INFO : Updated status for site : localhost:9090/undefinedEndpoint -> DOWN
2022/08/26 13:01:00 INFO : Updated status for site : google.com -> UP
2022/08/26 13:01:00 INFO : Updated status for site : twitter.com -> UP
2022/08/26 13:01:09 INFO : Updated status for site : localhost:9090/ -> UP
2022/08/26 13:01:09 INFO : Updated status for site : localhost:9090/undefinedEndpoint -> DOWN
2022/08/26 13:01:10 INFO : Updated status for site : google.com -> UP
2022/08/26 13:01:10 INFO : Updated status for site : twitter.com -> UP
2022/08/26 13:01:19 INFO : Updated status for site : localhost:9090/undefinedEndpoint -> DOWN
2022/08/26 13:01:19 INFO : Updated status for site : localhost:9090/ -> UP
2022/08/26 13:01:20 INFO : Updated status for site : google.com -> UP
2022/08/26 13:01:20 INFO : Updated status for site : twitter.com -> UP
2022/08/26 13:01:29 INFO : Updated status for site : localhost:9090/ -> UP
2022/08/26 13:01:29 INFO : Updated status for site : localhost:9090/undefinedEndpoint -> DOWN
2022/08/26 13:01:30 INFO : Updated status for site : google.com -> UP
2022/08/26 13:01:30 INFO : Updated status for site : twitter.com -> UP
2022/08/26 13:01:39 INFO : Updated status for site : localhost:9090/undefinedEndpoint -> DOWN
2022/08/26 13:01:39 INFO : Updated status for site : localhost:9090/ -> UP
2022/08/26 13:01:40 INFO : Updated status for site : google.com -> UP
2022/08/26 13:01:40 INFO : Updated status for site : twitter.com -> UP
2022/08/26 13:01:49 INFO : Updated status for site : localhost:9090/undefinedEndpoint -> DOWN
2022/08/26 13:01:49 INFO : Updated status for site : localhost:9090/ -> UP
2022/08/26 13:01:50 INFO : Updated status for site : google.com -> UP
2022/08/26 13:01:50 INFO : Updated status for site : twitter.com -> UP
2022/08/26 13:01:59 INFO : Updated status for site : localhost:9090/undefinedEndpoint -> DOWN
2022/08/26 13:01:59 INFO : Updated status for site : localhost:9090/ -> UP
2022/08/26 13:02:00 INFO : Updated status for site : google.com -> UP
2022/08/26 13:02:00 INFO : Updated status for site : twitter.com -> UP
2022/08/26 13:02:09 INFO : Updated status for site : localhost:9090/ -> UP
2022/08/26 13:02:09 INFO : Updated status for site : localhost:9090/undefinedEndpoint -> DOWN
2022/08/26 13:02:10 INFO : Updated status for site : google.com -> UP
2022/08/26 13:02:10 INFO : Updated status for site : twitter.com -> UP
2022/08/26 13:02:19 INFO : Updated status for site : localhost:9090/undefinedEndpoint -> DOWN
2022/08/26 13:02:19 INFO : Updated status for site : localhost:9090/ -> UP
2022/08/26 13:02:20 INFO : Updated status for site : google.com -> UP
2022/08/26 13:02:20 INFO : Updated status for site : twitter.com -> UP
2022/08/26 13:02:30 INFO : Updated status for site : localhost:9090/ -> UP
2022/08/26 13:02:30 INFO : Updated status for site : localhost:9090/undefinedEndpoint -> DOWN
2022/08/26 13:02:30 INFO : Updated status for site : google.com -> UP
2022/08/26 13:02:30 INFO : Updated status for site : twitter.com -> UP
2022/08/26 13:02:40 INFO : Updated status for site : localhost:9090/ -> UP
2022/08/26 13:02:40 INFO : Updated status for site : localhost:9090/undefinedEndpoint -> DOWN
2022/08/26 13:02:40 INFO : Updated status for site : twitter.com -> UP
2022/08/26 13:02:40 INFO : Updated status for site : google.com -> UP
2022/08/26 13:02:50 INFO : Updated status for site : localhost:9090/undefinedEndpoint -> DOWN
2022/08/26 13:02:50 INFO : Updated status for site : localhost:9090/ -> UP
2022/08/26 13:02:50 INFO : Updated status for site : google.com -> UP
2022/08/26 13:02:50 INFO : Updated status for site : twitter.com -> UP
2022/08/26 13:03:00 INFO : Updated status for site : localhost:9090/undefinedEndpoint -> DOWN
2022/08/26 13:03:00 INFO : Updated status for site : localhost:9090/ -> UP
2022/08/26 13:03:00 INFO : Updated status for site : google.com -> UP
2022/08/26 13:03:00 INFO : Updated status for site : twitter.com -> UP
2022/08/26 13:03:10 INFO : Updated status for site : localhost:9090/undefinedEndpoint -> DOWN
2022/08/26 13:03:10 INFO : Updated status for site : localhost:9090/ -> UP
2022/08/26 13:03:10 INFO : Updated status for site : google.com -> UP
2022/08/26 13:03:10 INFO : Updated status for site : twitter.com -> UP
2022/08/26 13:03:20 INFO : Updated status for site : localhost:9090/undefinedEndpoint -> DOWN
2022/08/26 13:03:20 INFO : Updated status for site : localhost:9090/ -> UP
2022/08/26 13:03:20 INFO : Updated status for site : google.com -> UP
2022/08/26 13:03:20 INFO : Updated status for site : twitter.com -> UP
2022/08/26 13:03:30 INFO : Updated status for site : localhost:9090/ -> UP
2022/08/26 13:03:30 INFO : Updated status for site : localhost:9090/undefinedEndpoint -> DOWN
2022/08/26 13:03:30 INFO : Updated status for site : google.com -> UP
2022/08/26 13:03:30 INFO : Updated status for site : twitter.com -> UP
2022/08/26 13:03:40 INFO : Updated status for site : localhost:9090/ -> UP
2022/08/26 13:03:40 INFO : Updated status for site : localhost:9090/undefinedEndpoint -> DOWN
2022/08/26 13:03:40 INFO : Updated status for site : google.com -> UP
2022/08/26 13:03:40 INFO : Updated status for site : twitter.com -> UP
2022/08/26 13:03:50 INFO : Updated status for site : localhost:9090/undefinedEndpoint -> DOWN
2022/08/26 13:03:50 INFO : Updated status for site : localhost:9090/ -> UP
2022/08/26 13:03:50 INFO : Updated status for site : google.com -> UP
2022/08/26 13:03:50 INFO : Updated status for site : twitter.com -> UP
2022/08/26 13:04:00 INFO : Updated status for site : localhost:9090/undefinedEndpoint -> DOWN
2022/08/26 13:04:00 INFO : Updated status for site : localhost:9090/ -> UP
2022/08/26 13:04:00 INFO : Updated status for site : google.com -> UP
2022/08/26 13:04:00 INFO : Updated status for site : twitter.com -> UP
2022/08/26 13:04:10 INFO : Updated status for site : localhost:9090/undefinedEndpoint -> DOWN
2022/08/26 13:04:10 INFO : Updated status for site : localhost:9090/ -> UP
2022/08/26 13:04:10 INFO : Updated status for site : google.com -> UP
2022/08/26 13:04:10 INFO : Updated status for site : twitter.com -> UP
2022/08/26 13:04:20 INFO : Updated status for site : localhost:9090/ -> UP
2022/08/26 13:04:20 INFO : Updated status for site : localhost:9090/undefinedEndpoint -> DOWN
2022/08/26 13:04:20 INFO : Updated status for site : google.com -> UP
2022/08/26 13:04:20 INFO : Updated status for site : twitter.com -> UP
2022/08/26 13:04:30 INFO : Updated status for site : localhost:9090/undefinedEndpoint -> DOWN
2022/08/26 13:04:30 INFO : Updated status for site : localhost:9090/ -> UP
2022/08/26 13:04:30 INFO : Updated status for site : google.com -> UP
2022/08/26 13:04:30 INFO : Updated status for site : twitter.com -> UP
2022/08/26 13:04:40 INFO : Updated status for site : localhost:9090/undefinedEndpoint -> DOWN
2022/08/26 13:04:40 INFO : Updated status for site : localhost:9090/ -> UP
2022/08/26 13:04:40 INFO : Updated status for site : google.com -> UP
2022/08/26 13:04:40 INFO : Updated status for site : twitter.com -> UP
2022/08/26 13:04:50 INFO : Updated status for site : localhost:9090/undefinedEndpoint -> DOWN
2022/08/26 13:04:50 INFO : Updated status for site : localhost:9090/ -> UP
2022/08/26 13:04:50 INFO : Updated status for site : google.com -> UP
2022/08/26 13:04:50 INFO : Updated status for site : twitter.com -> UP
2022/08/26 13:05:00 INFO : Updated status for site : localhost:9090/undefinedEndpoint -> DOWN
2022/08/26 13:05:00 INFO : Updated status for site : localhost:9090/ -> UP
2022/08/26 13:05:00 INFO : Updated status for site : google.com -> UP
2022/08/26 13:05:00 INFO : Updated status for site : twitter.com -> UP
2022/08/26 13:05:10 INFO : Updated status for site : localhost:9090/undefinedEndpoint -> DOWN
2022/08/26 13:05:10 INFO : Updated status for site : localhost:9090/ -> UP
2022/08/26 13:05:10 INFO : Updated status for site : google.com -> UP
2022/08/26 13:05:10 INFO : Updated status for site : twitter.com -> UP
2022/08/26 13:05:20 INFO : Updated status for site : localhost:9090/ -> UP
2022/08/26 13:05:20 INFO : Updated status for site : localhost:9090/undefinedEndpoint -> DOWN
2022/08/26 13:05:20 INFO : Updated status for site : google.com -> UP
2022/08/26 13:05:20 INFO : Updated status for site : twitter.com -> UP
2022/08/26 13:05:30 INFO : Updated status for site : localhost:9090/ -> UP
2022/08/26 13:05:30 INFO : Updated status for site : localhost:9090/undefinedEndpoint -> DOWN
2022/08/26 13:05:30 INFO : Updated status for site : google.com -> UP
2022/08/26 13:05:30 INFO : Updated status for site : twitter.com -> UP
2022/08/26 13:05:40 INFO : Updated status for site : localhost:9090/undefinedEndpoint -> DOWN
2022/08/26 13:05:40 INFO : Updated status for site : localhost:9090/ -> UP
2022/08/26 13:05:40 INFO : Updated status for site : google.com -> UP
2022/08/26 13:05:40 INFO : Updated status for site : twitter.com -> UP
2022/08/26 13:05:50 INFO : Updated status for site : localhost:9090/ -> UP
2022/08/26 13:05:50 INFO : Updated status for site : localhost:9090/undefinedEndpoint -> DOWN
2022/08/26 13:05:50 INFO : Updated status for site : google.com -> UP
2022/08/26 13:05:50 INFO : Updated status for site : twitter.com -> UP
2022/08/26 13:06:00 INFO : Updated status for site : localhost:9090/undefinedEndpoint -> DOWN
2022/08/26 13:06:00 INFO : Updated status for site : localhost:9090/ -> UP
2022/08/26 13:06:00 INFO : Updated status for site : google.com -> UP
2022/08/26 13:06:00 INFO : Updated status for site : twitter.com -> UP
2022/08/26 13:06:10 INFO : Updated status for site : localhost:9090/undefinedEndpoint -> DOWN
2022/08/26 13:06:10 INFO : Updated status for site : localhost:9090/ -> UP
2022/08/26 13:06:10 INFO : Updated status for site : google.com -> UP
2022/08/26 13:06:10 INFO : Updated status for site : twitter.com -> UP
2022/08/26 13:06:20 INFO : Updated status for site : localhost:9090/undefinedEndpoint -> DOWN
2022/08/26 13:06:20 INFO : Updated status for site : localhost:9090/ -> UP
2022/08/26 13:06:20 INFO : Updated status for site : google.com -> UP
2022/08/26 13:06:20 INFO : Updated status for site : twitter.com -> UP
2022/08/26 13:06:30 INFO : Updated status for site : localhost:9090/ -> UP
2022/08/26 13:06:30 INFO : Updated status for site : localhost:9090/undefinedEndpoint -> DOWN
2022/08/26 13:06:30 INFO : Updated status for site : google.com -> UP
2022/08/26 13:06:30 INFO : Updated status for site : twitter.com -> UP
2022/08/26 13:06:40 INFO : Updated status for site : localhost:9090/ -> UP
2022/08/26 13:06:40 INFO : Updated status for site : localhost:9090/undefinedEndpoint -> DOWN
2022/08/26 13:06:40 INFO : Updated status for site : google.com -> UP
2022/08/26 13:06:40 INFO : Updated status for site : twitter.com -> UP
2022/08/26 13:06:50 INFO : Updated status for site : localhost:9090/undefinedEndpoint -> DOWN
2022/08/26 13:06:50 INFO : Updated status for site : localhost:9090/ -> UP
2022/08/26 13:06:50 INFO : Updated status for site : google.com -> UP
2022/08/26 13:06:50 INFO : Updated status for site : twitter.com -> UP
2022/08/26 13:07:00 INFO : Updated status for site : localhost:9090/undefinedEndpoint -> DOWN
2022/08/26 13:07:00 INFO : Updated status for site : localhost:9090/ -> UP
2022/08/26 13:07:00 INFO : Updated status for site : google.com -> UP
2022/08/26 13:07:00 INFO : Updated status for site : twitter.com -> UP
2022/08/26 13:07:10 INFO : Updated status for site : localhost:9090/undefinedEndpoint -> DOWN
2022/08/26 13:07:10 INFO : Updated status for site : localhost:9090/ -> UP
2022/08/26 13:07:10 INFO : Updated status for site : google.com -> UP
2022/08/26 13:07:10 INFO : Updated status for site : twitter.com -> UP
2022/08/26 13:07:20 INFO : Updated status for site : localhost:9090/ -> UP
2022/08/26 13:07:20 INFO : Updated status for site : localhost:9090/undefinedEndpoint -> DOWN
2022/08/26 13:07:20 INFO : Updated status for site : google.com -> UP
2022/08/26 13:07:20 INFO : Updated status for site : twitter.com -> UP
2022/08/26 13:07:30 INFO : Updated status for site : localhost:9090/ -> UP
2022/08/26 13:07:30 INFO : Updated status for site : localhost:9090/undefinedEndpoint -> DOWN
2022/08/26 13:07:30 INFO : Updated status for site : google.com -> UP
2022/08/26 13:07:30 INFO : Updated status for site : twitter.com -> UP
2022/08/26 13:07:40 INFO : Updated status for site : localhost:9090/ -> UP
2022/08/26 13:07:40 INFO : Updated status for site : localhost:9090/undefinedEndpoint -> DOWN
2022/08/26 13:07:40 INFO : Updated status for site : google.com -> UP
2022/08/26 13:07:40 INFO : Updated status for site : twitter.com -> UP
2022/08/26 13:07:50 INFO : Updated status for site : localhost:9090/ -> UP
2022/08/26 13:07:50 INFO : Updated status for site : localhost:9090/undefinedEndpoint -> DOWN
2022/08/26 13:07:50 INFO : Updated status for site : google.com -> UP
2022/08/26 13:07:50 INFO : Updated status for site : twitter.com -> UP
2022/08/26 13:08:00 INFO : Updated status for site : localhost:9090/ -> UP
2022/08/26 13:08:00 INFO : Updated status for site : localhost:9090/undefinedEndpoint -> DOWN
2022/08/26 13:08:00 INFO : Updated status for site : google.com -> UP
2022/08/26 13:08:00 INFO : Updated status for site : twitter.com -> UP
2022/08/26 13:08:10 INFO : Updated status for site : localhost:9090/undefinedEndpoint -> DOWN
2022/08/26 13:08:10 INFO : Updated status for site : localhost:9090/ -> UP
2022/08/26 13:08:10 INFO : Updated status for site : google.com -> UP
2022/08/26 13:08:10 INFO : Updated status for site : twitter.com -> UP
2022/08/26 13:08:20 INFO : Updated status for site : localhost:9090/ -> UP
2022/08/26 13:08:20 INFO : Updated status for site : localhost:9090/undefinedEndpoint -> DOWN
2022/08/26 13:08:20 INFO : Updated status for site : google.com -> UP
2022/08/26 13:08:20 INFO : Updated status for site : twitter.com -> UP
2022/08/26 13:08:30 INFO : Updated status for site : localhost:9090/ -> UP
2022/08/26 13:08:30 INFO : Updated status for site : localhost:9090/undefinedEndpoint -> DOWN
2022/08/26 13:08:30 INFO : Updated status for site : google.com -> UP
2022/08/26 13:08:30 INFO : Updated status for site : twitter.com -> UP
2022/08/26 13:08:40 INFO : Updated status for site : localhost:9090/ -> UP
2022/08/26 13:08:40 INFO : Updated status for site : localhost:9090/undefinedEndpoint -> DOWN
2022/08/26 13:08:40 INFO : Updated status for site : google.com -> UP
2022/08/26 13:08:40 INFO : Updated status for site : twitter.com -> UP
2022/08/26 13:08:50 INFO : Updated status for site : localhost:9090/undefinedEndpoint -> DOWN
2022/08/26 13:08:50 INFO : Updated status for site : localhost:9090/ -> UP
2022/08/26 13:08:50 INFO : Updated status for site : google.com -> UP
2022/08/26 13:08:50 INFO : Updated status for site : twitter.com -> UP
2022/08/26 13:09:00 INFO : Updated status for site : localhost:9090/undefinedEndpoint -> DOWN
2022/08/26 13:09:00 INFO : Updated status for site : localhost:9090/ -> UP
2022/08/26 13:09:00 INFO : Updated status for site : google.com -> UP
2022/08/26 13:09:00 INFO : Updated status for site : twitter.com -> UP
2022/08/26 13:09:10 INFO : Updated status for site : localhost:9090/ -> UP
2022/08/26 13:09:10 INFO : Updated status for site : localhost:9090/undefinedEndpoint -> DOWN
2022/08/26 13:09:10 INFO : Updated status for site : google.com -> UP
2022/08/26 13:09:10 INFO : Updated status for site : twitter.com -> UP
2022/08/26 13:09:20 INFO : Updated status for site : localhost:9090/ -> UP
2022/08/26 13:09:20 INFO : Updated status for site : localhost:9090/undefinedEndpoint -> DOWN
2022/08/26 13:09:20 INFO : Updated status for site : google.com -> UP
2022/08/26 13:09:20 INFO : Updated status for site : twitter.com -> UP
2022/08/26 13:09:30 INFO : Updated status for site : localhost:9090/ -> UP
2022/08/26 13:09:30 INFO : Updated status for site : localhost:9090/undefinedEndpoint -> DOWN
2022/08/26 13:09:30 INFO : Updated status for site : google.com -> UP
2022/08/26 13:09:30 INFO : Updated status for site : twitter.com -> UP
2022/08/26 13:09:40 INFO : Updated status for site : localhost:9090/ -> UP
2022/08/26 13:09:40 INFO : Updated status for site : localhost:9090/undefinedEndpoint -> DOWN
2022/08/26 13:09:40 INFO : Updated status for site : google.com -> UP
2022/08/26 13:09:40 INFO : Updated status for site : twitter.com -> UP
2022/08/26 13:09:50 INFO : Updated status for site : localhost:9090/undefinedEndpoint -> DOWN
2022/08/26 13:09:50 INFO : Updated status for site : localhost:9090/ -> UP
2022/08/26 13:09:50 INFO : Updated status for site : google.com -> UP
2022/08/26 13:09:50 INFO : Updated status for site : twitter.com -> UP
2022/08/26 13:10:00 INFO : Updated status for site : localhost:9090/ -> UP
2022/08/26 13:10:00 INFO : Updated status for site : localhost:9090/undefinedEndpoint -> DOWN
2022/08/26 13:10:00 INFO : Updated status for site : google.com -> UP
2022/08/26 13:10:00 INFO : Updated status for site : twitter.com -> UP
2022/08/26 13:10:10 INFO : Updated status for site : localhost:9090/ -> UP
2022/08/26 13:10:10 INFO : Updated status for site : localhost:9090/undefinedEndpoint -> DOWN
2022/08/26 13:10:10 INFO : Updated status for site : google.com -> UP
2022/08/26 13:10:10 INFO : Updated status for site : twitter.com -> UP
2022/08/26 13:10:20 INFO : Updated status for site : localhost:9090/undefinedEndpoint -> DOWN
2022/08/26 13:10:20 INFO : Updated status for site : localhost:9090/ -> UP
2022/08/26 13:10:20 INFO : Updated status for site : google.com -> UP
2022/08/26 13:10:20 INFO : Updated status for site : twitter.com -> UP
2022/08/26 13:10:30 INFO : Updated status for site : localhost:9090/undefinedEndpoint -> DOWN
2022/08/26 13:10:30 INFO : Updated status for site : localhost:9090/ -> UP
2022/08/26 13:10:30 INFO : Updated status for site : google.com -> UP
2022/08/26 13:10:30 INFO : Updated status for site : twitter.com -> UP
2022/08/26 13:10:40 INFO : Updated status for site : localhost:9090/ -> UP
2022/08/26 13:10:40 INFO : Updated status for site : localhost:9090/undefinedEndpoint -> DOWN
2022/08/26 13:10:40 INFO : Updated status for site : google.com -> UP
2022/08/26 13:10:40 INFO : Updated status for site : twitter.com -> UP
2022/08/26 13:10:50 INFO : Updated status for site : localhost:9090/undefinedEndpoint -> DOWN
2022/08/26 13:10:50 INFO : Updated status for site : localhost:9090/ -> UP
2022/08/26 13:10:50 INFO : Updated status for site : google.com -> UP
2022/08/26 13:10:50 INFO : Updated status for site : twitter.com -> UP
2022/08/26 13:11:00 INFO : Updated status for site : localhost:9090/ -> UP
2022/08/26 13:11:00 INFO : Updated status for site : localhost:9090/undefinedEndpoint -> DOWN
2022/08/26 13:11:00 INFO : Updated status for site : google.com -> UP
2022/08/26 13:11:00 INFO : Updated status for site : twitter.com -> UP
2022/08/26 13:11:10 INFO : Updated status for site : localhost:9090/ -> UP
2022/08/26 13:11:10 INFO : Updated status for site : localhost:9090/undefinedEndpoint -> DOWN
2022/08/26 13:11:10 INFO : Updated status for site : google.com -> UP
2022/08/26 13:11:10 INFO : Updated status for site : twitter.com -> UP
2022/08/26 13:11:20 INFO : Updated status for site : localhost:9090/ -> UP
2022/08/26 13:11:20 INFO : Updated status for site : localhost:9090/undefinedEndpoint -> DOWN
2022/08/26 13:11:20 INFO : Updated status for site : google.com -> UP
2022/08/26 13:11:20 INFO : Updated status for site : twitter.com -> UP
2022/08/26 13:11:30 INFO : Updated status for site : localhost:9090/ -> UP
2022/08/26 13:11:30 INFO : Updated status for site : localhost:9090/undefinedEndpoint -> DOWN
2022/08/26 13:11:30 INFO : Updated status for site : google.com -> UP
2022/08/26 13:11:30 INFO : Updated status for site : twitter.com -> UP
2022/08/26 13:11:40 INFO : Updated status for site : localhost:9090/undefinedEndpoint -> DOWN
2022/08/26 13:11:40 INFO : Updated status for site : localhost:9090/ -> UP
2022/08/26 13:11:40 INFO : Updated status for site : google.com -> UP
2022/08/26 13:11:40 INFO : Updated status for site : twitter.com -> UP
2022/08/26 13:11:50 INFO : Updated status for site : localhost:9090/undefinedEndpoint -> DOWN
2022/08/26 13:11:50 INFO : Updated status for site : localhost:9090/ -> UP
2022/08/26 13:11:50 INFO : Updated status for site : google.com -> UP
2022/08/26 13:11:50 INFO : Updated status for site : twitter.com -> UP
2022/08/26 13:12:00 INFO : Updated status for site : localhost:9090/undefinedEndpoint -> DOWN
2022/08/26 13:12:00 INFO : Updated status for site : localhost:9090/ -> UP
2022/08/26 13:12:00 INFO : Updated status for site : google.com -> UP
2022/08/26 13:12:00 INFO : Updated status for site : twitter.com -> UP
2022/08/26 13:12:10 INFO : Updated status for site : localhost:9090/undefinedEndpoint -> DOWN
2022/08/26 13:12:10 INFO : Updated status for site : localhost:9090/ -> UP
2022/08/26 13:12:10 INFO : Updated status for site : google.com -> UP
2022/08/26 13:12:10 INFO : Updated status for site : twitter.com -> UP
2022/08/26 13:12:20 INFO : Updated status for site : localhost:9090/undefinedEndpoint -> DOWN
2022/08/26 13:12:20 INFO : Updated status for site : localhost:9090/ -> UP
2022/08/26 13:12:20 INFO : Updated status for site : google.com -> UP
2022/08/26 13:12:20 INFO : Updated status for site : twitter.com -> UP
2022/08/26 13:12:30 INFO : Updated status for site : localhost:9090/ -> UP
2022/08/26 13:12:30 INFO : Updated status for site : localhost:9090/undefinedEndpoint -> DOWN
2022/08/26 13:12:30 INFO : Updated status for site : google.com -> UP
2022/08/26 13:12:30 INFO : Updated status for site : twitter.com -> UP
2022/08/26 13:12:40 INFO : Updated status for site : localhost:9090/undefinedEndpoint -> DOWN
2022/08/26 13:12:40 INFO : Updated status for site : localhost:9090/ -> UP
2022/08/26 13:12:40 INFO : Updated status for site : google.com -> UP
2022/08/26 13:12:40 INFO : Updated status for site : twitter.com -> UP
2022/08/26 13:12:50 INFO : Updated status for site : localhost:9090/undefinedEndpoint -> DOWN
2022/08/26 13:12:50 INFO : Updated status for site : localhost:9090/ -> UP
2022/08/26 13:12:50 INFO : Updated status for site : google.com -> UP
2022/08/26 13:12:50 INFO : Updated status for site : twitter.com -> UP
2022/08/26 13:13:00 INFO : Updated status for site : localhost:9090/undefinedEndpoint -> DOWN
2022/08/26 13:13:00 INFO : Updated status for site : localhost:9090/ -> UP
2022/08/26 13:13:00 INFO : Updated status for site : google.com -> UP
2022/08/26 13:13:00 INFO : Updated status for site : twitter.com -> UP
2022/08/26 13:13:10 INFO : Updated status for site : localhost:9090/ -> UP
2022/08/26 13:13:10 INFO : Updated status for site : localhost:9090/undefinedEndpoint -> DOWN
2022/08/26 13:13:10 INFO : Updated status for site : google.com -> UP
2022/08/26 13:13:10 INFO : Updated status for site : twitter.com -> UP
2022/08/26 13:13:20 INFO : Updated status for site : localhost:9090/ -> UP
2022/08/26 13:13:20 INFO : Updated status for site : localhost:9090/undefinedEndpoint -> DOWN
2022/08/26 13:13:20 INFO : Updated status for site : google.com -> UP
2022/08/26 13:13:20 INFO : Updated status for site : twitter.com -> UP
2022/08/26 13:13:30 INFO : Updated status for site : localhost:9090/undefinedEndpoint -> DOWN
2022/08/26 13:13:30 INFO : Updated status for site : localhost:9090/ -> UP
2022/08/26 13:13:30 INFO : Updated status for site : google.com -> UP
2022/08/26 13:13:30 INFO : Updated status for site : twitter.com -> UP
2022/08/26 13:13:40 INFO : Updated status for site : localhost:9090/undefinedEndpoint -> DOWN
2022/08/26 13:13:40 INFO : Updated status for site : localhost:9090/ -> UP
2022/08/26 13:13:40 INFO : Updated status for site : google.com -> UP
2022/08/26 13:13:40 INFO : Updated status for site : twitter.com -> UP
2022/08/26 13:13:50 INFO : Updated status for site : localhost:9090/ -> UP
2022/08/26 13:13:50 INFO : Updated status for site : localhost:9090/undefinedEndpoint -> DOWN
2022/08/26 13:13:50 INFO : Updated status for site : google.com -> UP
2022/08/26 13:13:50 INFO : Updated status for site : twitter.com -> UP
2022/08/26 13:14:00 INFO : Updated status for site : localhost:9090/ -> UP
2022/08/26 13:14:00 INFO : Updated status for site : localhost:9090/undefinedEndpoint -> DOWN
2022/08/26 13:14:00 INFO : Updated status for site : google.com -> UP
2022/08/26 13:14:00 INFO : Updated status for site : twitter.com -> UP
2022/08/26 13:14:10 INFO : Updated status for site : localhost:9090/undefinedEndpoint -> DOWN
2022/08/26 13:14:10 INFO : Updated status for site : localhost:9090/ -> UP
2022/08/26 13:14:10 INFO : Updated status for site : google.com -> UP
2022/08/26 13:14:10 INFO : Updated status for site : twitter.com -> UP
2022/08/26 13:14:20 INFO : Updated status for site : localhost:9090/undefinedEndpoint -> DOWN
2022/08/26 13:14:20 INFO : Updated status for site : localhost:9090/ -> UP
2022/08/26 13:14:20 INFO : Updated status for site : google.com -> UP
2022/08/26 13:14:20 INFO : Updated status for site : twitter.com -> UP
2022/08/26 13:14:30 INFO : Updated status for site : localhost:9090/undefinedEndpoint -> DOWN
2022/08/26 13:14:30 INFO : Updated status for site : localhost:9090/ -> UP
2022/08/26 13:14:30 INFO : Updated status for site : google.com -> UP
2022/08/26 13:14:30 INFO : Updated status for site : twitter.com -> UP
2022/08/26 13:14:40 INFO : Updated status for site : localhost:9090/ -> UP
2022/08/26 13:14:40 INFO : Updated status for site : localhost:9090/undefinedEndpoint -> DOWN
2022/08/26 13:14:40 INFO : Updated status for site : google.com -> UP
2022/08/26 13:14:40 INFO : Updated status for site : twitter.com -> UP
2022/08/26 13:14:50 INFO : Updated status for site : localhost:9090/ -> UP
2022/08/26 13:14:50 INFO : Updated status for site : localhost:9090/undefinedEndpoint -> DOWN
2022/08/26 13:14:50 INFO : Updated status for site : google.com -> UP
2022/08/26 13:14:50 INFO : Updated status for site : twitter.com -> UP
2022/08/26 13:15:00 INFO : Updated status for site : localhost:9090/undefinedEndpoint -> DOWN
2022/08/26 13:15:00 INFO : Updated status for site : localhost:9090/ -> UP
2022/08/26 13:15:00 INFO : Updated status for site : google.com -> UP
2022/08/26 13:15:00 INFO : Updated status for site : twitter.com -> UP
2022/08/26 13:15:10 INFO : Updated status for site : localhost:9090/ -> UP
2022/08/26 13:15:10 INFO : Updated status for site : localhost:9090/undefinedEndpoint -> DOWN
2022/08/26 13:15:10 INFO : Updated status for site : google.com -> UP
2022/08/26 13:15:10 INFO : Updated status for site : twitter.com -> UP
2022/08/26 13:15:20 INFO : Updated status for site : localhost:9090/undefinedEndpoint -> DOWN
2022/08/26 13:15:20 INFO : Updated status for site : localhost:9090/ -> UP
2022/08/26 13:15:20 INFO : Updated status for site : google.com -> UP
2022/08/26 13:15:20 INFO : Updated status for site : twitter.com -> UP
2022/08/26 13:15:30 INFO : Updated status for site : localhost:9090/ -> UP
2022/08/26 13:15:30 INFO : Updated status for site : localhost:9090/undefinedEndpoint -> DOWN
2022/08/26 13:15:30 INFO : Updated status for site : google.com -> UP
2022/08/26 13:15:30 INFO : Updated status for site : twitter.com -> UP
2022/08/26 13:15:40 INFO : Updated status for site : localhost:9090/undefinedEndpoint -> DOWN
2022/08/26 13:15:40 INFO : Updated status for site : localhost:9090/ -> UP
2022/08/26 13:15:40 INFO : Updated status for site : google.com -> UP
2022/08/26 13:15:40 INFO : Updated status for site : twitter.com -> UP
2022/08/26 13:15:50 INFO : Updated status for site : localhost:9090/undefinedEndpoint -> DOWN
2022/08/26 13:15:50 INFO : Updated status for site : localhost:9090/ -> UP
2022/08/26 13:15:50 INFO : Updated status for site : google.com -> UP
2022/08/26 13:15:50 INFO : Updated status for site : twitter.com -> UP
2022/08/26 13:16:00 INFO : Updated status for site : localhost:9090/ -> UP
2022/08/26 13:16:00 INFO : Updated status for site : localhost:9090/undefinedEndpoint -> DOWN
2022/08/26 13:16:00 INFO : Updated status for site : google.com -> UP
2022/08/26 13:16:00 INFO : Updated status for site : twitter.com -> UP
2022/08/26 13:16:10 INFO : Updated status for site : localhost:9090/ -> UP
2022/08/26 13:16:10 INFO : Updated status for site : localhost:9090/undefinedEndpoint -> DOWN
2022/08/26 13:16:10 INFO : Updated status for site : google.com -> UP
2022/08/26 13:16:10 INFO : Updated status for site : twitter.com -> UP
2022/08/26 13:16:20 INFO : Updated status for site : localhost:9090/undefinedEndpoint -> DOWN
2022/08/26 13:16:20 INFO : Updated status for site : localhost:9090/ -> UP
2022/08/26 13:16:20 INFO : Updated status for site : google.com -> UP
2022/08/26 13:16:20 INFO : Updated status for site : twitter.com -> UP
2022/08/26 13:16:30 INFO : Updated status for site : localhost:9090/ -> UP
2022/08/26 13:16:30 INFO : Updated status for site : localhost:9090/undefinedEndpoint -> DOWN
2022/08/26 13:16:30 INFO : Updated status for site : google.com -> UP
2022/08/26 13:16:30 INFO : Updated status for site : twitter.com -> UP
2022/08/26 13:16:40 INFO : Updated status for site : localhost:9090/undefinedEndpoint -> DOWN
2022/08/26 13:16:40 INFO : Updated status for site : localhost:9090/ -> UP
2022/08/26 13:16:40 INFO : Updated status for site : google.com -> UP
2022/08/26 13:16:40 INFO : Updated status for site : twitter.com -> UP
2022/08/26 13:16:50 INFO : Updated status for site : localhost:9090/ -> UP
2022/08/26 13:16:50 INFO : Updated status for site : localhost:9090/undefinedEndpoint -> DOWN
2022/08/26 13:16:50 INFO : Updated status for site : google.com -> UP
2022/08/26 13:16:50 INFO : Updated status for site : twitter.com -> UP
2022/08/26 13:17:00 INFO : Updated status for site : localhost:9090/undefinedEndpoint -> DOWN
2022/08/26 13:17:00 INFO : Updated status for site : localhost:9090/ -> UP
2022/08/26 13:17:00 INFO : Updated status for site : google.com -> UP
2022/08/26 13:17:00 INFO : Updated status for site : twitter.com -> UP
2022/08/26 13:17:10 INFO : Updated status for site : localhost:9090/undefinedEndpoint -> DOWN
2022/08/26 13:17:10 INFO : Updated status for site : localhost:9090/ -> UP
2022/08/26 13:17:10 INFO : Updated status for site : google.com -> UP
2022/08/26 13:17:10 INFO : Updated status for site : twitter.com -> UP
2022/08/26 13:17:20 INFO : Updated status for site : localhost:9090/ -> UP
2022/08/26 13:17:20 INFO : Updated status for site : localhost:9090/undefinedEndpoint -> DOWN
2022/08/26 13:17:20 INFO : Updated status for site : google.com -> UP
2022/08/26 13:17:20 INFO : Updated status for site : twitter.com -> UP
2022/08/26 13:17:30 INFO : Updated status for site : localhost:9090/undefinedEndpoint -> DOWN
2022/08/26 13:17:30 INFO : Updated status for site : localhost:9090/ -> UP
2022/08/26 13:17:30 INFO : Updated status for site : google.com -> UP
2022/08/26 13:17:30 INFO : Updated status for site : twitter.com -> UP
2022/08/26 13:17:40 INFO : Updated status for site : localhost:9090/ -> UP
2022/08/26 13:17:40 INFO : Updated status for site : localhost:9090/undefinedEndpoint -> DOWN
2022/08/26 13:17:40 INFO : Updated status for site : google.com -> UP
2022/08/26 13:17:40 INFO : Updated status for site : twitter.com -> UP
2022/08/26 13:17:50 INFO : Updated status for site : localhost:9090/undefinedEndpoint -> DOWN
2022/08/26 13:17:50 INFO : Updated status for site : localhost:9090/ -> UP
2022/08/26 13:17:50 INFO : Updated status for site : google.com -> UP
2022/08/26 13:17:50 INFO : Updated status for site : twitter.com -> UP
2022/08/26 13:18:00 INFO : Updated status for site : localhost:9090/ -> UP
2022/08/26 13:18:00 INFO : Updated status for site : localhost:9090/undefinedEndpoint -> DOWN
2022/08/26 13:18:00 INFO : Updated status for site : google.com -> UP
2022/08/26 13:18:00 INFO : Updated status for site : twitter.com -> UP
2022/08/26 13:18:10 INFO : Updated status for site : localhost:9090/ -> UP
2022/08/26 13:18:10 INFO : Updated status for site : localhost:9090/undefinedEndpoint -> DOWN
2022/08/26 13:18:10 INFO : Updated status for site : google.com -> UP
2022/08/26 13:18:10 INFO : Updated status for site : twitter.com -> UP
2022/08/26 13:18:20 INFO : Updated status for site : localhost:9090/ -> UP
2022/08/26 13:18:20 INFO : Updated status for site : localhost:9090/undefinedEndpoint -> DOWN
2022/08/26 13:18:20 INFO : Updated status for site : google.com -> UP
2022/08/26 13:18:20 INFO : Updated status for site : twitter.com -> UP
2022/08/26 13:18:30 INFO : Updated status for site : localhost:9090/undefinedEndpoint -> DOWN
2022/08/26 13:18:30 INFO : Updated status for site : localhost:9090/ -> UP
2022/08/26 13:18:30 INFO : Updated status for site : twitter.com -> UP
2022/08/26 13:18:30 INFO : Updated status for site : google.com -> UP
2022/08/26 13:18:40 INFO : Updated status for site : localhost:9090/ -> UP
2022/08/26 13:18:40 INFO : Updated status for site : localhost:9090/undefinedEndpoint -> DOWN
2022/08/26 13:18:40 INFO : Updated status for site : google.com -> UP
2022/08/26 13:18:40 INFO : Updated status for site : twitter.com -> UP
2022/08/26 13:18:50 INFO : Updated status for site : localhost:9090/undefinedEndpoint -> DOWN
2022/08/26 13:18:50 INFO : Updated status for site : localhost:9090/ -> UP
2022/08/26 13:18:50 INFO : Updated status for site : google.com -> UP
2022/08/26 13:18:50 INFO : Updated status for site : twitter.com -> UP
2022/08/26 13:19:00 INFO : Updated status for site : localhost:9090/undefinedEndpoint -> DOWN
2022/08/26 13:19:00 INFO : Updated status for site : localhost:9090/ -> UP
2022/08/26 13:19:00 INFO : Updated status for site : google.com -> UP
2022/08/26 13:19:00 INFO : Updated status for site : twitter.com -> UP
2022/08/26 13:19:10 INFO : Updated status for site : localhost:9090/undefinedEndpoint -> DOWN
2022/08/26 13:19:10 INFO : Updated status for site : localhost:9090/ -> UP
2022/08/26 13:19:10 INFO : Updated status for site : google.com -> UP
2022/08/26 13:19:10 INFO : Updated status for site : twitter.com -> UP
2022/08/26 13:19:20 INFO : Updated status for site : localhost:9090/ -> UP
2022/08/26 13:19:20 INFO : Updated status for site : localhost:9090/undefinedEndpoint -> DOWN
2022/08/26 13:19:20 INFO : Updated status for site : google.com -> UP
2022/08/26 13:19:20 INFO : Updated status for site : twitter.com -> UP
2022/08/26 13:19:30 INFO : Updated status for site : localhost:9090/undefinedEndpoint -> DOWN
2022/08/26 13:19:30 INFO : Updated status for site : localhost:9090/ -> UP
2022/08/26 13:19:30 INFO : Updated status for site : google.com -> UP
2022/08/26 13:19:30 INFO : Updated status for site : twitter.com -> UP
2022/08/26 13:19:40 INFO : Updated status for site : localhost:9090/undefinedEndpoint -> DOWN
2022/08/26 13:19:40 INFO : Updated status for site : localhost:9090/ -> UP
2022/08/26 13:19:40 INFO : Updated status for site : google.com -> UP
2022/08/26 13:19:40 INFO : Updated status for site : twitter.com -> UP
2022/08/26 13:19:50 INFO : Updated status for site : localhost:9090/undefinedEndpoint -> DOWN
2022/08/26 13:19:50 INFO : Updated status for site : localhost:9090/ -> UP
2022/08/26 13:19:50 INFO : Updated status for site : google.com -> UP
2022/08/26 13:19:50 INFO : Updated status for site : twitter.com -> UP
2022/08/26 13:20:00 INFO : Updated status for site : localhost:9090/ -> UP
2022/08/26 13:20:00 INFO : Updated status for site : localhost:9090/undefinedEndpoint -> DOWN
2022/08/26 13:20:00 INFO : Updated status for site : google.com -> UP
2022/08/26 13:20:00 INFO : Updated status for site : twitter.com -> UP
2022/08/26 13:20:10 INFO : Updated status for site : localhost:9090/undefinedEndpoint -> DOWN
2022/08/26 13:20:10 INFO : Updated status for site : localhost:9090/ -> UP
2022/08/26 13:20:10 INFO : Updated status for site : google.com -> UP
2022/08/26 13:20:10 INFO : Updated status for site : twitter.com -> UP
2022/08/26 13:20:20 INFO : Updated status for site : localhost:9090/ -> UP
2022/08/26 13:20:20 INFO : Updated status for site : localhost:9090/undefinedEndpoint -> DOWN
2022/08/26 13:20:20 INFO : Updated status for site : google.com -> UP
2022/08/26 13:20:20 INFO : Updated status for site : twitter.com -> UP
2022/08/26 13:20:30 INFO : Updated status for site : localhost:9090/undefinedEndpoint -> DOWN
2022/08/26 13:20:30 INFO : Updated status for site : localhost:9090/ -> UP
2022/08/26 13:20:30 INFO : Updated status for site : google.com -> UP
2022/08/26 13:20:30 INFO : Updated status for site : twitter.com -> UP
2022/08/26 13:20:40 INFO : Updated status for site : localhost:9090/undefinedEndpoint -> DOWN
2022/08/26 13:20:40 INFO : Updated status for site : localhost:9090/ -> UP
2022/08/26 13:20:40 INFO : Updated status for site : google.com -> UP
2022/08/26 13:20:40 INFO : Updated status for site : twitter.com -> UP
2022/08/26 13:20:50 INFO : Updated status for site : localhost:9090/ -> UP
2022/08/26 13:20:50 INFO : Updated status for site : localhost:9090/undefinedEndpoint -> DOWN
2022/08/26 13:20:50 INFO : Updated status for site : google.com -> UP
2022/08/26 13:20:50 INFO : Updated status for site : twitter.com -> UP
2022/08/26 13:21:00 INFO : Updated status for site : localhost:9090/ -> UP
2022/08/26 13:21:00 INFO : Updated status for site : localhost:9090/undefinedEndpoint -> DOWN
2022/08/26 13:21:00 INFO : Updated status for site : google.com -> UP
2022/08/26 13:21:00 INFO : Updated status for site : twitter.com -> UP
2022/08/26 13:21:10 INFO : Updated status for site : localhost:9090/ -> UP
2022/08/26 13:21:10 INFO : Updated status for site : localhost:9090/undefinedEndpoint -> DOWN
2022/08/26 13:21:10 INFO : Updated status for site : google.com -> UP
2022/08/26 13:21:10 INFO : Updated status for site : twitter.com -> UP
2022/08/26 13:21:20 INFO : Updated status for site : localhost:9090/ -> UP
2022/08/26 13:21:20 INFO : Updated status for site : localhost:9090/undefinedEndpoint -> DOWN
2022/08/26 13:21:20 INFO : Updated status for site : google.com -> UP
2022/08/26 13:21:20 INFO : Updated status for site : twitter.com -> UP
2022/08/26 13:21:30 INFO : Updated status for site : localhost:9090/ -> UP
2022/08/26 13:21:30 INFO : Updated status for site : localhost:9090/undefinedEndpoint -> DOWN
2022/08/26 13:21:30 INFO : Updated status for site : google.com -> UP
2022/08/26 13:21:30 INFO : Updated status for site : twitter.com -> UP
2022/08/26 13:21:40 INFO : Updated status for site : localhost:9090/undefinedEndpoint -> DOWN
2022/08/26 13:21:40 INFO : Updated status for site : localhost:9090/ -> UP
2022/08/26 13:21:40 INFO : Updated status for site : google.com -> UP
2022/08/26 13:21:40 INFO : Updated status for site : twitter.com -> UP
2022/08/26 13:21:50 INFO : Updated status for site : localhost:9090/undefinedEndpoint -> DOWN
2022/08/26 13:21:50 INFO : Updated status for site : localhost:9090/ -> UP
2022/08/26 13:21:50 INFO : Updated status for site : google.com -> UP
2022/08/26 13:21:50 INFO : Updated status for site : twitter.com -> UP
2022/08/26 13:22:00 INFO : Updated status for site : localhost:9090/undefinedEndpoint -> DOWN
2022/08/26 13:22:00 INFO : Updated status for site : localhost:9090/ -> UP
2022/08/26 13:22:00 INFO : Updated status for site : google.com -> UP
2022/08/26 13:22:00 INFO : Updated status for site : twitter.com -> UP
2022/08/26 13:22:10 INFO : Updated status for site : localhost:9090/ -> UP
2022/08/26 13:22:10 INFO : Updated status for site : localhost:9090/undefinedEndpoint -> DOWN
2022/08/26 13:22:10 INFO : Updated status for site : google.com -> UP
2022/08/26 13:22:10 INFO : Updated status for site : twitter.com -> UP
2022/08/26 13:22:20 INFO : Updated status for site : localhost:9090/undefinedEndpoint -> DOWN
2022/08/26 13:22:20 INFO : Updated status for site : localhost:9090/ -> UP
2022/08/26 13:22:20 INFO : Updated status for site : google.com -> UP
2022/08/26 13:22:20 INFO : Updated status for site : twitter.com -> UP
2022/08/26 13:22:30 INFO : Updated status for site : localhost:9090/ -> UP
2022/08/26 13:22:30 INFO : Updated status for site : localhost:9090/undefinedEndpoint -> DOWN
2022/08/26 13:22:30 INFO : Updated status for site : google.com -> UP
2022/08/26 13:22:30 INFO : Updated status for site : twitter.com -> UP
2022/08/26 13:22:40 INFO : Updated status for site : localhost:9090/ -> UP
2022/08/26 13:22:40 INFO : Updated status for site : localhost:9090/undefinedEndpoint -> DOWN
2022/08/26 13:22:40 INFO : Updated status for site : google.com -> UP
2022/08/26 13:22:40 INFO : Updated status for site : twitter.com -> UP
2022/08/26 13:22:50 INFO : Updated status for site : localhost:9090/undefinedEndpoint -> DOWN
2022/08/26 13:22:50 INFO : Updated status for site : localhost:9090/ -> UP
2022/08/26 13:22:50 INFO : Updated status for site : google.com -> UP
2022/08/26 13:22:50 INFO : Updated status for site : twitter.com -> UP
2022/08/26 13:23:00 INFO : Updated status for site : localhost:9090/ -> UP
2022/08/26 13:23:00 INFO : Updated status for site : localhost:9090/undefinedEndpoint -> DOWN
2022/08/26 13:23:00 INFO : Updated status for site : google.com -> UP
2022/08/26 13:23:00 INFO : Updated status for site : twitter.com -> UP
2022/08/26 13:23:10 INFO : Updated status for site : localhost:9090/undefinedEndpoint -> DOWN
2022/08/26 13:23:10 INFO : Updated status for site : localhost:9090/ -> UP
2022/08/26 13:23:10 INFO : Updated status for site : google.com -> UP
2022/08/26 13:23:10 INFO : Updated status for site : twitter.com -> UP
2022/08/26 13:23:20 INFO : Updated status for site : localhost:9090/undefinedEndpoint -> DOWN
2022/08/26 13:23:20 INFO : Updated status for site : localhost:9090/ -> UP
2022/08/26 13:23:20 INFO : Updated status for site : google.com -> UP
2022/08/26 13:23:20 INFO : Updated status for site : twitter.com -> UP
2022/08/26 13:23:30 INFO : Updated status for site : localhost:9090/undefinedEndpoint -> DOWN
2022/08/26 13:23:30 INFO : Updated status for site : localhost:9090/ -> UP
2022/08/26 13:23:30 INFO : Updated status for site : google.com -> UP
2022/08/26 13:23:30 INFO : Updated status for site : twitter.com -> UP
2022/08/26 13:23:40 INFO : Updated status for site : localhost:9090/ -> UP
2022/08/26 13:23:40 INFO : Updated status for site : localhost:9090/undefinedEndpoint -> DOWN
2022/08/26 13:23:40 INFO : Updated status for site : google.com -> UP
2022/08/26 13:23:40 INFO : Updated status for site : twitter.com -> UP
2022/08/26 13:23:50 INFO : Updated status for site : localhost:9090/ -> UP
2022/08/26 13:23:50 INFO : Updated status for site : localhost:9090/undefinedEndpoint -> DOWN
2022/08/26 13:23:50 INFO : Updated status for site : google.com -> UP
2022/08/26 13:23:50 INFO : Updated status for site : twitter.com -> UP
2022/08/26 13:24:00 INFO : Updated status for site : localhost:9090/undefinedEndpoint -> DOWN
2022/08/26 13:24:00 INFO : Updated status for site : localhost:9090/ -> UP
2022/08/26 13:24:00 INFO : Updated status for site : google.com -> UP
2022/08/26 13:24:00 INFO : Updated status for site : twitter.com -> UP
2022/08/26 13:24:10 INFO : Updated status for site : localhost:9090/ -> UP
2022/08/26 13:24:10 INFO : Updated status for site : localhost:9090/undefinedEndpoint -> DOWN
2022/08/26 13:24:10 INFO : Updated status for site : google.com -> UP
2022/08/26 13:24:10 INFO : Updated status for site : twitter.com -> UP
2022/08/26 13:24:20 INFO : Updated status for site : localhost:9090/ -> UP
2022/08/26 13:24:20 INFO : Updated status for site : localhost:9090/undefinedEndpoint -> DOWN
2022/08/26 13:24:20 INFO : Updated status for site : google.com -> UP
2022/08/26 13:24:20 INFO : Updated status for site : twitter.com -> UP
2022/08/26 13:24:30 INFO : Updated status for site : localhost:9090/ -> UP
2022/08/26 13:24:30 INFO : Updated status for site : localhost:9090/undefinedEndpoint -> DOWN
2022/08/26 13:24:30 INFO : Updated status for site : google.com -> UP
2022/08/26 13:24:30 INFO : Updated status for site : twitter.com -> UP
2022/08/26 13:24:40 INFO : Updated status for site : localhost:9090/ -> UP
2022/08/26 13:24:40 INFO : Updated status for site : localhost:9090/undefinedEndpoint -> DOWN
2022/08/26 13:24:40 INFO : Updated status for site : google.com -> UP
2022/08/26 13:24:40 INFO : Updated status for site : twitter.com -> UP
2022/08/26 13:24:50 INFO : Updated status for site : localhost:9090/undefinedEndpoint -> DOWN
2022/08/26 13:24:50 INFO : Updated status for site : localhost:9090/ -> UP
2022/08/26 13:24:50 INFO : Updated status for site : google.com -> UP
2022/08/26 13:24:50 INFO : Updated status for site : twitter.com -> UP
2022/08/26 13:25:00 INFO : Updated status for site : localhost:9090/ -> UP
2022/08/26 13:25:00 INFO : Updated status for site : localhost:9090/undefinedEndpoint -> DOWN
2022/08/26 13:25:00 INFO : Updated status for site : google.com -> UP
2022/08/26 13:25:00 INFO : Updated status for site : twitter.com -> UP
2022/08/26 13:25:10 INFO : Updated status for site : localhost:9090/ -> UP
2022/08/26 13:25:10 INFO : Updated status for site : localhost:9090/undefinedEndpoint -> DOWN
2022/08/26 13:25:10 INFO : Updated status for site : google.com -> UP
2022/08/26 13:25:10 INFO : Updated status for site : twitter.com -> UP
2022/08/26 13:25:20 INFO : Updated status for site : localhost:9090/undefinedEndpoint -> DOWN
2022/08/26 13:25:20 INFO : Updated status for site : localhost:9090/ -> UP
2022/08/26 13:25:20 INFO : Updated status for site : google.com -> UP
2022/08/26 13:25:20 INFO : Updated status for site : twitter.com -> UP
2022/08/26 13:25:30 INFO : Updated status for site : localhost:9090/undefinedEndpoint -> DOWN
2022/08/26 13:25:30 INFO : Updated status for site : localhost:9090/ -> UP
2022/08/26 13:25:30 INFO : Updated status for site : google.com -> UP
2022/08/26 13:25:30 INFO : Updated status for site : twitter.com -> UP
2022/08/26 13:25:40 INFO : Updated status for site : localhost:9090/ -> UP
2022/08/26 13:25:40 INFO : Updated status for site : localhost:9090/undefinedEndpoint -> DOWN
2022/08/26 13:25:40 INFO : Updated status for site : google.com -> UP
2022/08/26 13:25:40 INFO : Updated status for site : twitter.com -> UP
2022/08/26 13:25:50 INFO : Updated status for site : localhost:9090/undefinedEndpoint -> DOWN
2022/08/26 13:25:50 INFO : Updated status for site : localhost:9090/ -> UP
2022/08/26 13:25:50 INFO : Updated status for site : google.com -> UP
2022/08/26 13:25:50 INFO : Updated status for site : twitter.com -> UP
2022/08/26 13:26:00 INFO : Updated status for site : localhost:9090/undefinedEndpoint -> DOWN
2022/08/26 13:26:00 INFO : Updated status for site : localhost:9090/ -> UP
2022/08/26 13:26:00 INFO : Updated status for site : google.com -> UP
2022/08/26 13:26:00 INFO : Updated status for site : twitter.com -> UP
2022/08/26 13:26:10 INFO : Updated status for site : localhost:9090/undefinedEndpoint -> DOWN
2022/08/26 13:26:10 INFO : Updated status for site : localhost:9090/ -> UP
2022/08/26 13:26:10 INFO : Updated status for site : google.com -> UP
2022/08/26 13:26:10 INFO : Updated status for site : twitter.com -> UP
2022/08/26 13:26:20 INFO : Updated status for site : localhost:9090/undefinedEndpoint -> DOWN
2022/08/26 13:26:20 INFO : Updated status for site : localhost:9090/ -> UP
2022/08/26 13:26:20 INFO : Updated status for site : google.com -> UP
2022/08/26 13:26:20 INFO : Updated status for site : twitter.com -> UP
2022/08/26 13:26:30 INFO : Updated status for site : localhost:9090/undefinedEndpoint -> DOWN
2022/08/26 13:26:30 INFO : Updated status for site : localhost:9090/ -> UP
2022/08/26 13:26:30 INFO : Updated status for site : google.com -> UP
2022/08/26 13:26:30 INFO : Updated status for site : twitter.com -> UP
2022/08/26 13:26:40 INFO : Updated status for site : localhost:9090/undefinedEndpoint -> DOWN
2022/08/26 13:26:40 INFO : Updated status for site : localhost:9090/ -> UP
2022/08/26 13:26:40 INFO : Updated status for site : google.com -> UP
2022/08/26 13:26:50 INFO : Updated status for site : localhost:9090/undefinedEndpoint -> DOWN
2022/08/26 13:26:50 INFO : Updated status for site : localhost:9090/ -> UP
2022/08/26 13:26:50 INFO : Updated status for site : google.com -> UP
2022/08/26 13:27:00 INFO : Updated status for site : localhost:9090/ -> UP
2022/08/26 13:27:00 INFO : Updated status for site : localhost:9090/undefinedEndpoint -> DOWN
2022/08/26 13:27:00 INFO : Updated status for site : google.com -> UP
2022/08/26 13:29:10 INFO : Updated status for site : twitter.com -> UP
2022/08/26 13:29:10 INFO : Updated status for site : twitter.com -> UP
2022/08/26 13:29:10 INFO : Updated status for site : twitter.com -> UP
2022/08/26 13:29:12 INFO : Updated status for site : localhost:9090/undefinedEndpoint -> DOWN
2022/08/26 13:29:12 INFO : Updated status for site : localhost:9090/ -> UP
2022/08/26 13:29:13 INFO : Updated status for site : google.com -> UP
2022/08/26 13:29:13 INFO : Updated status for site : twitter.com -> UP
2022/08/26 13:29:22 INFO : Updated status for site : localhost:9090/undefinedEndpoint -> DOWN
2022/08/26 13:29:22 INFO : Updated status for site : localhost:9090/ -> UP
2022/08/26 13:29:23 INFO : Updated status for site : google.com -> UP
2022/08/26 13:29:23 INFO : Updated status for site : twitter.com -> UP
2022/08/26 13:29:32 INFO : Updated status for site : localhost:9090/undefinedEndpoint -> DOWN
2022/08/26 13:29:32 INFO : Updated status for site : localhost:9090/ -> UP
2022/08/26 13:29:33 INFO : Updated status for site : google.com -> UP
2022/08/26 13:29:33 INFO : Updated status for site : twitter.com -> UP
2022/08/26 13:29:42 INFO : Updated status for site : localhost:9090/undefinedEndpoint -> DOWN
2022/08/26 13:29:42 INFO : Updated status for site : localhost:9090/ -> UP
2022/08/26 13:29:43 INFO : Updated status for site : google.com -> UP
2022/08/26 13:29:43 INFO : Updated status for site : twitter.com -> UP
2022/08/26 13:29:52 INFO : Updated status for site : localhost:9090/undefinedEndpoint -> DOWN
2022/08/26 13:29:52 INFO : Updated status for site : localhost:9090/ -> UP
2022/08/26 13:29:53 INFO : Updated status for site : google.com -> UP
2022/08/26 13:29:53 INFO : Updated status for site : twitter.com -> UP
2022/08/26 13:30:02 INFO : Updated status for site : localhost:9090/undefinedEndpoint -> DOWN
2022/08/26 13:30:02 INFO : Updated status for site : localhost:9090/ -> UP
2022/08/26 13:30:03 INFO : Updated status for site : google.com -> UP
2022/08/26 13:30:03 INFO : Updated status for site : twitter.com -> UP
2022/08/26 13:30:12 INFO : Updated status for site : localhost:9090/undefinedEndpoint -> DOWN
2022/08/26 13:30:12 INFO : Updated status for site : localhost:9090/ -> UP
2022/08/26 13:30:13 INFO : Updated status for site : google.com -> UP
2022/08/26 13:30:13 INFO : Updated status for site : twitter.com -> UP
2022/08/26 13:30:22 INFO : Updated status for site : localhost:9090/undefinedEndpoint -> DOWN
2022/08/26 13:30:22 INFO : Updated status for site : localhost:9090/ -> UP
2022/08/26 13:30:23 INFO : Updated status for site : google.com -> UP
2022/08/26 13:30:23 INFO : Updated status for site : twitter.com -> UP
2022/08/26 13:30:32 INFO : Updated status for site : localhost:9090/undefinedEndpoint -> DOWN
2022/08/26 13:30:32 INFO : Updated status for site : localhost:9090/ -> UP
2022/08/26 13:30:33 INFO : Updated status for site : google.com -> UP
2022/08/26 13:30:33 INFO : Updated status for site : twitter.com -> UP
2022/08/26 13:30:42 INFO : Updated status for site : localhost:9090/ -> UP
2022/08/26 13:30:42 INFO : Updated status for site : localhost:9090/undefinedEndpoint -> DOWN
2022/08/26 13:30:43 INFO : Updated status for site : google.com -> UP
2022/08/26 13:30:43 INFO : Updated status for site : twitter.com -> UP
2022/08/26 13:30:52 INFO : Updated status for site : localhost:9090/undefinedEndpoint -> DOWN
2022/08/26 13:30:52 INFO : Updated status for site : localhost:9090/ -> UP
2022/08/26 13:30:53 INFO : Updated status for site : google.com -> UP
2022/08/26 13:30:53 INFO : Updated status for site : twitter.com -> UP
2022/08/26 13:31:02 INFO : Updated status for site : localhost:9090/ -> UP
2022/08/26 13:31:02 INFO : Updated status for site : localhost:9090/undefinedEndpoint -> DOWN
2022/08/26 13:31:03 INFO : Updated status for site : google.com -> UP
2022/08/26 13:31:03 INFO : Updated status for site : twitter.com -> UP
2022/08/26 13:31:12 INFO : Updated status for site : localhost:9090/ -> UP
2022/08/26 13:31:12 INFO : Updated status for site : localhost:9090/undefinedEndpoint -> DOWN
2022/08/26 13:31:13 INFO : Updated status for site : google.com -> UP
2022/08/26 13:31:13 INFO : Updated status for site : twitter.com -> UP
2022/08/26 13:31:22 INFO : Updated status for site : localhost:9090/undefinedEndpoint -> DOWN
2022/08/26 13:31:22 INFO : Updated status for site : localhost:9090/ -> UP
2022/08/26 13:31:23 INFO : Updated status for site : google.com -> UP
2022/08/26 13:31:23 INFO : Updated status for site : twitter.com -> UP
2022/08/26 13:31:32 INFO : Updated status for site : localhost:9090/ -> UP
2022/08/26 13:31:32 INFO : Updated status for site : localhost:9090/undefinedEndpoint -> DOWN
2022/08/26 13:31:33 INFO : Updated status for site : google.com -> UP
2022/08/26 13:31:33 INFO : Updated status for site : twitter.com -> UP
2022/08/26 13:31:42 INFO : Updated status for site : localhost:9090/undefinedEndpoint -> DOWN
2022/08/26 13:31:42 INFO : Updated status for site : localhost:9090/ -> UP
2022/08/26 13:31:43 INFO : Updated status for site : google.com -> UP
2022/08/26 13:31:43 INFO : Updated status for site : twitter.com -> UP
2022/08/26 13:31:52 INFO : Updated status for site : localhost:9090/ -> UP
2022/08/26 13:31:52 INFO : Updated status for site : localhost:9090/undefinedEndpoint -> DOWN
2022/08/26 13:31:53 INFO : Updated status for site : google.com -> UP
2022/08/26 13:31:53 INFO : Updated status for site : twitter.com -> UP
2022/08/26 13:32:02 INFO : Updated status for site : localhost:9090/undefinedEndpoint -> DOWN
2022/08/26 13:32:02 INFO : Updated status for site : localhost:9090/ -> UP
2022/08/26 13:32:03 INFO : Updated status for site : google.com -> UP
2022/08/26 13:32:03 INFO : Updated status for site : twitter.com -> UP
2022/08/26 13:32:12 INFO : Updated status for site : localhost:9090/undefinedEndpoint -> DOWN
2022/08/26 13:32:12 INFO : Updated status for site : localhost:9090/ -> UP
2022/08/26 13:32:13 INFO : Updated status for site : google.com -> UP
2022/08/26 13:32:13 INFO : Updated status for site : twitter.com -> UP
2022/08/26 13:32:22 INFO : Updated status for site : localhost:9090/ -> UP
2022/08/26 13:32:22 INFO : Updated status for site : localhost:9090/undefinedEndpoint -> DOWN
2022/08/26 13:32:23 INFO : Updated status for site : google.com -> UP
2022/08/26 13:32:23 INFO : Updated status for site : twitter.com -> UP
2022/08/26 13:32:32 INFO : Updated status for site : localhost:9090/ -> UP
2022/08/26 13:32:32 INFO : Updated status for site : localhost:9090/undefinedEndpoint -> DOWN
2022/08/26 13:32:33 INFO : Updated status for site : twitter.com -> UP
2022/08/26 13:32:34 INFO : Updated status for site : google.com -> UP
2022/08/26 13:32:42 INFO : Updated status for site : localhost:9090/ -> UP
2022/08/26 13:32:42 INFO : Updated status for site : localhost:9090/undefinedEndpoint -> DOWN
2022/08/26 13:32:43 INFO : Updated status for site : twitter.com -> UP
2022/08/26 13:32:43 INFO : Updated status for site : google.com -> UP
2022/08/26 13:32:52 INFO : Updated status for site : localhost:9090/undefinedEndpoint -> DOWN
2022/08/26 13:32:52 INFO : Updated status for site : localhost:9090/ -> UP
2022/08/26 13:32:53 INFO : Updated status for site : google.com -> UP
2022/08/26 13:32:53 INFO : Updated status for site : twitter.com -> UP
2022/08/26 13:33:02 INFO : Updated status for site : localhost:9090/undefinedEndpoint -> DOWN
2022/08/26 13:33:02 INFO : Updated status for site : localhost:9090/ -> UP
2022/08/26 13:33:03 INFO : Updated status for site : google.com -> UP
2022/08/26 13:33:03 INFO : Updated status for site : twitter.com -> UP
2022/08/26 13:33:12 INFO : Updated status for site : localhost:9090/ -> UP
2022/08/26 13:33:12 INFO : Updated status for site : localhost:9090/undefinedEndpoint -> DOWN
2022/08/26 13:33:13 INFO : Updated status for site : twitter.com -> UP
2022/08/26 13:33:15 INFO : Updated status for site : google.com -> UP
2022/08/26 13:33:22 INFO : Updated status for site : localhost:9090/undefinedEndpoint -> DOWN
2022/08/26 13:33:22 INFO : Updated status for site : localhost:9090/ -> UP
2022/08/26 13:33:23 INFO : Updated status for site : twitter.com -> UP
2022/08/26 13:33:23 INFO : Updated status for site : google.com -> UP
2022/08/26 13:33:32 INFO : Updated status for site : localhost:9090/ -> UP
2022/08/26 13:33:32 INFO : Updated status for site : localhost:9090/undefinedEndpoint -> DOWN
2022/08/26 13:33:33 INFO : Updated status for site : twitter.com -> UP
2022/08/26 13:33:35 INFO : Updated status for site : google.com -> UP
2022/08/26 13:33:42 INFO : Updated status for site : localhost:9090/ -> UP
2022/08/26 13:33:42 INFO : Updated status for site : localhost:9090/undefinedEndpoint -> DOWN
2022/08/26 13:33:43 INFO : Updated status for site : twitter.com -> UP
2022/08/26 13:33:45 INFO : Updated status for site : google.com -> UP
2022/08/26 13:33:52 INFO : Updated status for site : localhost:9090/ -> UP
2022/08/26 13:33:52 INFO : Updated status for site : localhost:9090/undefinedEndpoint -> DOWN
2022/08/26 13:33:53 INFO : Updated status for site : twitter.com -> UP
2022/08/26 13:33:53 INFO : Updated status for site : google.com -> UP
2022/08/26 13:34:02 INFO : Updated status for site : localhost:9090/undefinedEndpoint -> DOWN
2022/08/26 13:34:02 INFO : Updated status for site : localhost:9090/ -> UP
2022/08/26 13:34:04 INFO : Updated status for site : google.com -> UP
2022/08/26 13:34:12 INFO : Updated status for site : localhost:9090/ -> UP
2022/08/26 13:34:12 INFO : Updated status for site : localhost:9090/undefinedEndpoint -> DOWN
2022/08/26 13:34:13 INFO : Updated status for site : google.com -> UP
2022/08/26 13:34:22 INFO : Updated status for site : localhost:9090/undefinedEndpoint -> DOWN
2022/08/26 13:34:22 INFO : Updated status for site : localhost:9090/ -> UP
2022/08/26 13:34:23 INFO : Updated status for site : google.com -> UP
2022/08/26 13:51:45 INFO : Updated status for site : localhost:9090/ -> UP
2022/08/26 13:51:45 INFO : Updated status for site : localhost:9090/undefinedEndpoint -> DOWN
2022/08/26 13:51:45 Get "http://twitter.com": dial tcp: lookup twitter.com: no such host
2022/08/26 18:01:16 INFO : Got request for single site check : www.facebook.com
2022/08/26 18:01:21 INFO : Updated status for site : www.facebook.com -> UP
2022/08/26 18:01:24 INFO : Got request for single site check : www.google.com
2022/08/26 18:01:31 INFO : Updated status for site : www.google.com -> UP
2022/08/26 18:01:31 INFO : Updated status for site : www.facebook.com -> UP
2022/08/26 18:01:33 INFO : Got request for single site check : www.zoomcar.com
2022/08/26 18:01:39 INFO : Got request for single site check : www.asd.com
2022/08/26 18:01:41 INFO : Updated status for site : www.google.com -> UP
2022/08/26 18:01:41 INFO : Updated status for site : www.zoomcar.com -> UP
2022/08/26 18:01:42 INFO : Updated status for site : www.facebook.com -> UP
2022/08/26 18:01:47 Get "http://www.asd.com": dial tcp 198.46.84.198:80: connect: network is unreachable
2022/08/26 18:02:29 INFO : Got request for single site check : www.google.com
2022/08/26 18:02:33 INFO : Got request for single site check : www.asd.com
2022/08/26 18:02:35 INFO : Updated status for site : www.google.com -> UP
2022/08/26 18:02:40 Get "http://www.asd.com": dial tcp 198.46.84.198:80: connect: network is unreachable
